('numar_intreg', 0)
('ID', 1)
(';', 0)
('da_la_pc', 0)
('>>', 0)
('ID', 1)
(';', 0)
('numar_intreg', 0)
('ID', 2)
('primeste', 0)
('CONST', 3)
(';', 0)
('parcurge', 0)
('(', 0)
('numar_intreg', 0)
('ID', 4)
('primeste', 0)
('CONST', 5)
(';', 0)
('ID', 4)
('<', 0)
('ID', 1)
(';', 0)
('ID', 4)
('primeste', 0)
('ID', 4)
('creste_valoarea', 0)
('CONST', 5)
(')', 0)
('oare', 0)
('(', 0)
('ID', 1)
('%', 0)
('ID', 4)
('egalite_fraternite', 0)
('CONST', 3)
(')', 0)
('ID', 2)
('primeste', 0)
('ID', 2)
('ID', 6)
('CONST', 5)
(';', 0)
('oare', 0)
('(', 0)
('ID', 2)
('egalite_fraternite', 0)
('CONST', 7)
(')', 0)
('arata', 0)
('<<', 0)
('CONST', 8)
(';', 0)
('nup', 0)
('arata', 0)
('<<', 0)
('CONST', 9)
(';', 0)
